app/build/intermediates/manifest_merge_blame_file/debug/manifest-merger-blame-debug-report.txt
1<?xml version="1.0" encoding="utf-8"?>
2<manifest xmlns:android="http://schemas.android.com/apk/res/android"
3    package="com.v.grootchat"
4    android:versionCode="1"
5    android:versionName="1.0" >
6
7    <uses-sdk
8        android:minSdkVersion="19"
8-->src\main\AndroidManifest.xml
9        android:targetSdkVersion="30" />
9-->src\main\AndroidManifest.xml
10
11    <uses-permission android:name="android.permission.INTERNET" />
11-->src\main\AndroidManifest.xml:6:5-67
11-->src\main\AndroidManifest.xml:6:22-64
12    <uses-permission android:name="android.permission.ACCESS_NETWORK_STATE" />
12-->src\main\AndroidManifest.xml:7:5-79
12-->src\main\AndroidManifest.xml:7:22-76
13    <uses-permission android:name="android.permission.READ_EXTERNAL_STORAGE" />
13-->src\main\AndroidManifest.xml:8:5-80
13-->src\main\AndroidManifest.xml:8:22-77
14    <uses-permission
14-->src\main\AndroidManifest.xml:9:5-12:40
15        android:name="android.permission.WRITE_EXTERNAL_STORAGE"
15-->src\main\AndroidManifest.xml:10:9-65
16        android:maxSdkVersion="30" />
16-->src\main\AndroidManifest.xml:11:9-35
17    <uses-permission android:name="android.permission.USE_BIOMETRIC" />
17-->src\main\AndroidManifest.xml:13:5-72
17-->src\main\AndroidManifest.xml:13:22-69
18    <uses-permission android:name="android.permission.USE_FINGERPRINT" />
18-->src\main\AndroidManifest.xml:14:5-74
18-->src\main\AndroidManifest.xml:14:22-71
19    <uses-permission android:name="android.permission.WAKE_LOCK" /> <!-- Required by older versions of Google Play services to create IID tokens -->
19-->[com.google.firebase:firebase-messaging:22.0.0] AndroidManifest.xml:23:5-68
19-->[com.google.firebase:firebase-messaging:22.0.0] AndroidManifest.xml:23:22-65
20    <uses-permission android:name="com.google.android.c2dm.permission.RECEIVE" /> <!-- Android package visibility setting -->
20-->[com.google.firebase:firebase-messaging:22.0.0] AndroidManifest.xml:25:5-82
20-->[com.google.firebase:firebase-messaging:22.0.0] AndroidManifest.xml:25:22-79
21    <queries>
21-->[com.google.android.gms:play-services-ads-lite:20.2.0] AndroidManifest.xml:27:5-43:15
22
23        <!-- For browser content -->
24        <intent>
24-->[com.google.android.gms:play-services-ads-lite:20.2.0] AndroidManifest.xml:30:9-36:18
25            <action android:name="android.intent.action.VIEW" />
25-->[com.google.firebase:firebase-auth:21.0.1] AndroidManifest.xml:34:17-69
25-->[com.google.firebase:firebase-auth:21.0.1] AndroidManifest.xml:34:25-66
26
27            <category android:name="android.intent.category.BROWSABLE" />
27-->[com.google.firebase:firebase-auth:21.0.1] AndroidManifest.xml:37:17-78
27-->[com.google.firebase:firebase-auth:21.0.1] AndroidManifest.xml:37:27-75
28
29            <data android:scheme="https" />
29-->[com.google.firebase:firebase-auth:21.0.1] AndroidManifest.xml:39:17-42:51
29-->[com.google.firebase:firebase-auth:21.0.1] AndroidManifest.xml:42:21-48
30        </intent>
31        <!-- End of browser content -->
32        <!-- For CustomTabsService -->
33        <intent>
33-->[com.google.android.gms:play-services-ads-lite:20.2.0] AndroidManifest.xml:39:9-41:18
34            <action android:name="android.support.customtabs.action.CustomTabsService" />
34-->[com.google.android.gms:play-services-ads-lite:20.2.0] AndroidManifest.xml:40:13-90
34-->[com.google.android.gms:play-services-ads-lite:20.2.0] AndroidManifest.xml:40:21-87
35        </intent>
36        <!-- End of CustomTabsService -->
37    </queries>
38
39    <uses-permission android:name="com.google.android.finsky.permission.BIND_GET_INSTALL_REFERRER_SERVICE" />
39-->[com.google.android.gms:play-services-measurement:19.0.0] AndroidManifest.xml:26:5-110
39-->[com.google.android.gms:play-services-measurement:19.0.0] AndroidManifest.xml:26:22-107
40    <uses-permission android:name="android.permission.RECEIVE_BOOT_COMPLETED" />
40-->[androidx.work:work-runtime:2.1.0] AndroidManifest.xml:27:5-81
40-->[androidx.work:work-runtime:2.1.0] AndroidManifest.xml:27:22-78
41
42    <application
42-->src\main\AndroidManifest.xml:16:5-56:19
43        android:name="androidx.multidex.MultiDexApplication"
44        android:allowBackup="true"
44-->src\main\AndroidManifest.xml:17:9-35
45        android:appComponentFactory="androidx.core.app.CoreComponentFactory"
45-->[androidx.core:core:1.5.0] AndroidManifest.xml:24:18-86
46        android:debuggable="true"
47        android:icon="@mipmap/ic_launcher"
47-->src\main\AndroidManifest.xml:18:9-43
48        android:label="@string/app_name"
48-->src\main\AndroidManifest.xml:19:9-41
49        android:roundIcon="@mipmap/ic_launcher_round"
49-->src\main\AndroidManifest.xml:20:9-54
50        android:supportsRtl="true"
50-->src\main\AndroidManifest.xml:21:9-35
51        android:testOnly="true"
52        android:theme="@style/Theme.GrootChat" >
52-->src\main\AndroidManifest.xml:22:9-47
53        <activity
53-->src\main\AndroidManifest.xml:23:9-24:67
54            android:name="com.v.grootchat.DevelopersScreen"
54-->src\main\AndroidManifest.xml:23:19-51
55            android:parentActivityName="com.v.grootchat.MainActivity" />
55-->src\main\AndroidManifest.xml:24:13-55
56        <activity android:name="com.v.grootchat.FingerprintActivity" />
56-->src\main\AndroidManifest.xml:25:9-66
56-->src\main\AndroidManifest.xml:25:19-54
57        <activity
57-->src\main\AndroidManifest.xml:26:9-28:67
58            android:name="com.v.grootchat.SettingsActivity"
58-->src\main\AndroidManifest.xml:27:13-45
59            android:parentActivityName="com.v.grootchat.MainActivity" />
59-->src\main\AndroidManifest.xml:28:13-55
60        <activity android:name="com.v.grootchat.ChatDetailActivity" />
60-->src\main\AndroidManifest.xml:29:9-56
60-->src\main\AndroidManifest.xml:29:19-53
61        <activity
61-->src\main\AndroidManifest.xml:30:9-32:59
62            android:name="com.v.grootchat.OTPVerificationActivity"
62-->src\main\AndroidManifest.xml:31:13-52
63            android:parentActivityName="com.v.grootchat.PhoneActivity" />
63-->src\main\AndroidManifest.xml:32:13-56
64        <activity
64-->src\main\AndroidManifest.xml:33:9-35:69
65            android:name="com.v.grootchat.PhoneActivity"
65-->src\main\AndroidManifest.xml:34:13-42
66            android:parentActivityName="com.v.grootchat.SignInActivity" />
66-->src\main\AndroidManifest.xml:35:13-57
67
68        <meta-data
68-->src\main\AndroidManifest.xml:37:9-39:70
69            android:name="com.google.android.gms.ads.APPLICATION_ID"
69-->src\main\AndroidManifest.xml:38:13-69
70            android:value="ca-app-pub-9392104499465946~9131467878" />
70-->src\main\AndroidManifest.xml:39:13-67
71
72        <activity android:name="com.v.grootchat.GroupChatActivity" />
72-->src\main\AndroidManifest.xml:41:9-55
72-->src\main\AndroidManifest.xml:41:19-52
73        <activity android:name="com.v.grootchat.SignInActivity" />
73-->src\main\AndroidManifest.xml:42:9-61
73-->src\main\AndroidManifest.xml:42:19-49
74        <activity android:name="com.v.grootchat.SignUpActivity" />
74-->src\main\AndroidManifest.xml:43:9-52
74-->src\main\AndroidManifest.xml:43:19-49
75        <activity android:name="com.v.grootchat.MainActivity" />
75-->src\main\AndroidManifest.xml:44:9-59
75-->src\main\AndroidManifest.xml:44:19-47
76        <activity android:name="com.v.grootchat.SplashActivity" >
76-->src\main\AndroidManifest.xml:45:9-51:20
76-->src\main\AndroidManifest.xml:45:19-49
77            <intent-filter>
77-->src\main\AndroidManifest.xml:46:13-50:29
78                <action android:name="android.intent.action.MAIN" />
78-->src\main\AndroidManifest.xml:47:17-69
78-->src\main\AndroidManifest.xml:47:25-66
79
80                <category android:name="android.intent.category.LAUNCHER" />
80-->src\main\AndroidManifest.xml:49:17-77
80-->src\main\AndroidManifest.xml:49:27-74
81            </intent-filter>
82        </activity>
83
84        <meta-data
84-->src\main\AndroidManifest.xml:53:9-55:57
85            android:name="preloaded_fonts"
85-->src\main\AndroidManifest.xml:54:13-43
86            android:resource="@array/preloaded_fonts" />
86-->src\main\AndroidManifest.xml:55:13-54
87
88        <activity
88-->[com.google.firebase:firebase-auth:21.0.1] AndroidManifest.xml:27:9-44:20
89            android:name="com.google.firebase.auth.internal.GenericIdpActivity"
89-->[com.google.firebase:firebase-auth:21.0.1] AndroidManifest.xml:28:13-80
90            android:excludeFromRecents="true"
90-->[com.google.firebase:firebase-auth:21.0.1] AndroidManifest.xml:29:13-46
91            android:exported="true"
91-->[com.google.firebase:firebase-auth:21.0.1] AndroidManifest.xml:30:13-36
92            android:launchMode="singleTask"
92-->[com.google.firebase:firebase-auth:21.0.1] AndroidManifest.xml:31:13-44
93            android:theme="@android:style/Theme.Translucent.NoTitleBar" >
93-->[com.google.firebase:firebase-auth:21.0.1] AndroidManifest.xml:32:13-72
94            <intent-filter>
94-->[com.google.firebase:firebase-auth:21.0.1] AndroidManifest.xml:33:13-43:29
95                <action android:name="android.intent.action.VIEW" />
95-->[com.google.firebase:firebase-auth:21.0.1] AndroidManifest.xml:34:17-69
95-->[com.google.firebase:firebase-auth:21.0.1] AndroidManifest.xml:34:25-66
96
97                <category android:name="android.intent.category.DEFAULT" />
97-->[com.google.firebase:firebase-auth:21.0.1] AndroidManifest.xml:36:17-76
97-->[com.google.firebase:firebase-auth:21.0.1] AndroidManifest.xml:36:27-73
98                <category android:name="android.intent.category.BROWSABLE" />
98-->[com.google.firebase:firebase-auth:21.0.1] AndroidManifest.xml:37:17-78
98-->[com.google.firebase:firebase-auth:21.0.1] AndroidManifest.xml:37:27-75
99
100                <data
100-->[com.google.firebase:firebase-auth:21.0.1] AndroidManifest.xml:39:17-42:51
101                    android:host="firebase.auth"
101-->[com.google.firebase:firebase-auth:21.0.1] AndroidManifest.xml:40:21-49
102                    android:path="/"
102-->[com.google.firebase:firebase-auth:21.0.1] AndroidManifest.xml:41:21-37
103                    android:scheme="genericidp" />
103-->[com.google.firebase:firebase-auth:21.0.1] AndroidManifest.xml:42:21-48
104            </intent-filter>
105        </activity>
106        <activity
106-->[com.google.firebase:firebase-auth:21.0.1] AndroidManifest.xml:45:9-62:20
107            android:name="com.google.firebase.auth.internal.RecaptchaActivity"
107-->[com.google.firebase:firebase-auth:21.0.1] AndroidManifest.xml:46:13-79
108            android:excludeFromRecents="true"
108-->[com.google.firebase:firebase-auth:21.0.1] AndroidManifest.xml:47:13-46
109            android:exported="true"
109-->[com.google.firebase:firebase-auth:21.0.1] AndroidManifest.xml:48:13-36
110            android:launchMode="singleTask"
110-->[com.google.firebase:firebase-auth:21.0.1] AndroidManifest.xml:49:13-44
111            android:theme="@android:style/Theme.Translucent.NoTitleBar" >
111-->[com.google.firebase:firebase-auth:21.0.1] AndroidManifest.xml:50:13-72
112            <intent-filter>
112-->[com.google.firebase:firebase-auth:21.0.1] AndroidManifest.xml:51:13-61:29
113                <action android:name="android.intent.action.VIEW" />
113-->[com.google.firebase:firebase-auth:21.0.1] AndroidManifest.xml:34:17-69
113-->[com.google.firebase:firebase-auth:21.0.1] AndroidManifest.xml:34:25-66
114
115                <category android:name="android.intent.category.DEFAULT" />
115-->[com.google.firebase:firebase-auth:21.0.1] AndroidManifest.xml:36:17-76
115-->[com.google.firebase:firebase-auth:21.0.1] AndroidManifest.xml:36:27-73
116                <category android:name="android.intent.category.BROWSABLE" />
116-->[com.google.firebase:firebase-auth:21.0.1] AndroidManifest.xml:37:17-78
116-->[com.google.firebase:firebase-auth:21.0.1] AndroidManifest.xml:37:27-75
117
118                <data
118-->[com.google.firebase:firebase-auth:21.0.1] AndroidManifest.xml:39:17-42:51
119                    android:host="firebase.auth"
119-->[com.google.firebase:firebase-auth:21.0.1] AndroidManifest.xml:40:21-49
120                    android:path="/"
120-->[com.google.firebase:firebase-auth:21.0.1] AndroidManifest.xml:41:21-37
121                    android:scheme="recaptcha" />
121-->[com.google.firebase:firebase-auth:21.0.1] AndroidManifest.xml:42:21-48
122            </intent-filter>
123        </activity>
124
125        <service
125-->[com.google.firebase:firebase-auth:21.0.1] AndroidManifest.xml:64:9-73:19
126            android:name="com.google.firebase.auth.api.fallback.service.FirebaseAuthFallbackService"
126-->[com.google.firebase:firebase-auth:21.0.1] AndroidManifest.xml:65:13-101
127            android:enabled="true"
127-->[com.google.firebase:firebase-auth:21.0.1] AndroidManifest.xml:66:13-35
128            android:exported="false" >
128-->[com.google.firebase:firebase-auth:21.0.1] AndroidManifest.xml:67:13-37
129            <intent-filter>
129-->[com.google.firebase:firebase-auth:21.0.1] AndroidManifest.xml:68:13-72:29
130                <action android:name="com.google.firebase.auth.api.gms.service.START" />
130-->[com.google.firebase:firebase-auth:21.0.1] AndroidManifest.xml:69:17-89
130-->[com.google.firebase:firebase-auth:21.0.1] AndroidManifest.xml:69:25-86
131
132                <category android:name="android.intent.category.DEFAULT" />
132-->[com.google.firebase:firebase-auth:21.0.1] AndroidManifest.xml:36:17-76
132-->[com.google.firebase:firebase-auth:21.0.1] AndroidManifest.xml:36:27-73
133            </intent-filter>
134        </service>
135        <service
135-->[com.google.firebase:firebase-auth:21.0.1] AndroidManifest.xml:74:9-80:19
136            android:name="com.google.firebase.components.ComponentDiscoveryService"
136-->[com.google.firebase:firebase-auth:21.0.1] AndroidManifest.xml:75:13-84
137            android:directBootAware="true"
137-->[com.google.firebase:firebase-common:20.0.0] AndroidManifest.xml:35:13-43
138            android:exported="false" >
138-->[com.google.firebase:firebase-auth:21.0.1] AndroidManifest.xml:76:13-37
139            <meta-data
139-->[com.google.firebase:firebase-auth:21.0.1] AndroidManifest.xml:77:13-79:85
140                android:name="com.google.firebase.components:com.google.firebase.auth.FirebaseAuthRegistrar"
140-->[com.google.firebase:firebase-auth:21.0.1] AndroidManifest.xml:78:17-109
141                android:value="com.google.firebase.components.ComponentRegistrar" />
141-->[com.google.firebase:firebase-auth:21.0.1] AndroidManifest.xml:79:17-82
142            <meta-data
142-->[com.google.firebase:firebase-database:20.0.0] AndroidManifest.xml:32:13-34:85
143                android:name="com.google.firebase.components:com.google.firebase.database.DatabaseRegistrar"
143-->[com.google.firebase:firebase-database:20.0.0] AndroidManifest.xml:33:17-109
144                android:value="com.google.firebase.components.ComponentRegistrar" />
144-->[com.google.firebase:firebase-database:20.0.0] AndroidManifest.xml:34:17-82
145            <meta-data
145-->[com.google.firebase:firebase-messaging:22.0.0] AndroidManifest.xml:52:13-54:85
146                android:name="com.google.firebase.components:com.google.firebase.messaging.FirebaseMessagingRegistrar"
146-->[com.google.firebase:firebase-messaging:22.0.0] AndroidManifest.xml:53:17-119
147                android:value="com.google.firebase.components.ComponentRegistrar" />
147-->[com.google.firebase:firebase-messaging:22.0.0] AndroidManifest.xml:54:17-82
148            <meta-data
148-->[com.google.firebase:firebase-storage:20.0.0] AndroidManifest.xml:33:13-35:85
149                android:name="com.google.firebase.components:com.google.firebase.storage.StorageRegistrar"
149-->[com.google.firebase:firebase-storage:20.0.0] AndroidManifest.xml:34:17-107
150                android:value="com.google.firebase.components.ComponentRegistrar" />
150-->[com.google.firebase:firebase-storage:20.0.0] AndroidManifest.xml:35:17-82
151            <meta-data
151-->[com.google.firebase:firebase-datatransport:18.0.0] AndroidManifest.xml:28:13-30:85
152                android:name="com.google.firebase.components:com.google.firebase.datatransport.TransportRegistrar"
152-->[com.google.firebase:firebase-datatransport:18.0.0] AndroidManifest.xml:29:17-115
153                android:value="com.google.firebase.components.ComponentRegistrar" />
153-->[com.google.firebase:firebase-datatransport:18.0.0] AndroidManifest.xml:30:17-82
154            <meta-data
154-->[com.google.android.gms:play-services-measurement-api:19.0.0] AndroidManifest.xml:30:13-32:85
155                android:name="com.google.firebase.components:com.google.firebase.analytics.connector.internal.AnalyticsConnectorRegistrar"
155-->[com.google.android.gms:play-services-measurement-api:19.0.0] AndroidManifest.xml:31:17-139
156                android:value="com.google.firebase.components.ComponentRegistrar" />
156-->[com.google.android.gms:play-services-measurement-api:19.0.0] AndroidManifest.xml:32:17-82
157            <meta-data
157-->[com.google.firebase:firebase-installations:17.0.0] AndroidManifest.xml:18:13-20:85
158                android:name="com.google.firebase.components:com.google.firebase.installations.FirebaseInstallationsRegistrar"
158-->[com.google.firebase:firebase-installations:17.0.0] AndroidManifest.xml:19:17-127
159                android:value="com.google.firebase.components.ComponentRegistrar" />
159-->[com.google.firebase:firebase-installations:17.0.0] AndroidManifest.xml:20:17-82
160        </service>
161
162        <receiver
162-->[com.google.firebase:firebase-messaging:22.0.0] AndroidManifest.xml:28:9-35:20
163            android:name="com.google.firebase.iid.FirebaseInstanceIdReceiver"
163-->[com.google.firebase:firebase-messaging:22.0.0] AndroidManifest.xml:29:13-78
164            android:exported="true"
164-->[com.google.firebase:firebase-messaging:22.0.0] AndroidManifest.xml:30:13-36
165            android:permission="com.google.android.c2dm.permission.SEND" >
165-->[com.google.firebase:firebase-messaging:22.0.0] AndroidManifest.xml:31:13-73
166            <intent-filter>
166-->[com.google.firebase:firebase-messaging:22.0.0] AndroidManifest.xml:32:13-34:29
167                <action android:name="com.google.android.c2dm.intent.RECEIVE" />
167-->[com.google.firebase:firebase-messaging:22.0.0] AndroidManifest.xml:33:17-81
167-->[com.google.firebase:firebase-messaging:22.0.0] AndroidManifest.xml:33:25-78
168            </intent-filter>
169        </receiver>
170        <!--
171             FirebaseMessagingService performs security checks at runtime,
172             but set to not exported to explicitly avoid allowing another app to call it.
173        -->
174        <service
174-->[com.google.firebase:firebase-messaging:22.0.0] AndroidManifest.xml:41:9-48:19
175            android:name="com.google.firebase.messaging.FirebaseMessagingService"
175-->[com.google.firebase:firebase-messaging:22.0.0] AndroidManifest.xml:42:13-82
176            android:directBootAware="true"
176-->[com.google.firebase:firebase-messaging:22.0.0] AndroidManifest.xml:43:13-43
177            android:exported="false" >
177-->[com.google.firebase:firebase-messaging:22.0.0] AndroidManifest.xml:44:13-37
178            <intent-filter android:priority="-500" >
178-->[com.google.firebase:firebase-messaging:22.0.0] AndroidManifest.xml:45:13-47:29
178-->[com.google.firebase:firebase-messaging:22.0.0] AndroidManifest.xml:45:28-51
179                <action android:name="com.google.firebase.MESSAGING_EVENT" />
179-->[com.google.firebase:firebase-messaging:22.0.0] AndroidManifest.xml:46:17-78
179-->[com.google.firebase:firebase-messaging:22.0.0] AndroidManifest.xml:46:25-75
180            </intent-filter>
181        </service>
182
183        <activity
183-->[com.google.android.gms:play-services-auth:19.0.0] AndroidManifest.xml:23:9-27:75
184            android:name="com.google.android.gms.auth.api.signin.internal.SignInHubActivity"
184-->[com.google.android.gms:play-services-auth:19.0.0] AndroidManifest.xml:24:13-93
185            android:excludeFromRecents="true"
185-->[com.google.android.gms:play-services-auth:19.0.0] AndroidManifest.xml:25:13-46
186            android:exported="false"
186-->[com.google.android.gms:play-services-auth:19.0.0] AndroidManifest.xml:26:13-37
187            android:theme="@android:style/Theme.Translucent.NoTitleBar" />
187-->[com.google.android.gms:play-services-auth:19.0.0] AndroidManifest.xml:27:13-72
188        <!--
189            Service handling Google Sign-In user revocation. For apps that do not integrate with
190            Google Sign-In, this service will never be started.
191        -->
192        <service
192-->[com.google.android.gms:play-services-auth:19.0.0] AndroidManifest.xml:33:9-37:51
193            android:name="com.google.android.gms.auth.api.signin.RevocationBoundService"
193-->[com.google.android.gms:play-services-auth:19.0.0] AndroidManifest.xml:34:13-89
194            android:exported="true"
194-->[com.google.android.gms:play-services-auth:19.0.0] AndroidManifest.xml:35:13-36
195            android:permission="com.google.android.gms.auth.api.signin.permission.REVOCATION_NOTIFICATION"
195-->[com.google.android.gms:play-services-auth:19.0.0] AndroidManifest.xml:36:13-107
196            android:visibleToInstantApps="true" />
196-->[com.google.android.gms:play-services-auth:19.0.0] AndroidManifest.xml:37:13-48
197
198        <provider
198-->[com.squareup.picasso:picasso:2.71828] AndroidManifest.xml:8:9-11:40
199            android:name="com.squareup.picasso.PicassoProvider"
199-->[com.squareup.picasso:picasso:2.71828] AndroidManifest.xml:9:13-64
200            android:authorities="com.v.grootchat.com.squareup.picasso"
200-->[com.squareup.picasso:picasso:2.71828] AndroidManifest.xml:10:13-72
201            android:exported="false" />
201-->[com.squareup.picasso:picasso:2.71828] AndroidManifest.xml:11:13-37
202
203        <service
203-->[com.google.android.datatransport:transport-backend-cct:3.0.0] AndroidManifest.xml:29:9-35:19
204            android:name="com.google.android.datatransport.runtime.backends.TransportBackendDiscovery"
204-->[com.google.android.datatransport:transport-backend-cct:3.0.0] AndroidManifest.xml:30:13-103
205            android:exported="false" >
205-->[com.google.android.datatransport:transport-backend-cct:3.0.0] AndroidManifest.xml:31:13-37
206            <meta-data
206-->[com.google.android.datatransport:transport-backend-cct:3.0.0] AndroidManifest.xml:32:13-34:39
207                android:name="backend:com.google.android.datatransport.cct.CctBackendFactory"
207-->[com.google.android.datatransport:transport-backend-cct:3.0.0] AndroidManifest.xml:33:17-94
208                android:value="cct" />
208-->[com.google.android.datatransport:transport-backend-cct:3.0.0] AndroidManifest.xml:34:17-36
209        </service>
210
211        <provider
211-->[com.google.firebase:firebase-common:20.0.0] AndroidManifest.xml:26:9-31:39
212            android:name="com.google.firebase.provider.FirebaseInitProvider"
212-->[com.google.firebase:firebase-common:20.0.0] AndroidManifest.xml:27:13-77
213            android:authorities="com.v.grootchat.firebaseinitprovider"
213-->[com.google.firebase:firebase-common:20.0.0] AndroidManifest.xml:28:13-72
214            android:directBootAware="true"
214-->[com.google.firebase:firebase-common:20.0.0] AndroidManifest.xml:29:13-43
215            android:exported="false"
215-->[com.google.firebase:firebase-common:20.0.0] AndroidManifest.xml:30:13-37
216            android:initOrder="100" />
216-->[com.google.firebase:firebase-common:20.0.0] AndroidManifest.xml:31:13-36
217
218        <activity
218-->[com.google.android.gms:play-services-base:17.1.0] AndroidManifest.xml:23:9-26:75
219            android:name="com.google.android.gms.common.api.GoogleApiActivity"
219-->[com.google.android.gms:play-services-base:17.1.0] AndroidManifest.xml:24:13-79
220            android:exported="false"
220-->[com.google.android.gms:play-services-base:17.1.0] AndroidManifest.xml:25:13-37
221            android:theme="@android:style/Theme.Translucent.NoTitleBar" /> <!-- Include the AdActivity and InAppPurchaseActivity configChanges and themes. -->
221-->[com.google.android.gms:play-services-base:17.1.0] AndroidManifest.xml:26:13-72
222        <activity
222-->[com.google.android.gms:play-services-ads-lite:20.2.0] AndroidManifest.xml:48:9-52:64
223            android:name="com.google.android.gms.ads.AdActivity"
223-->[com.google.android.gms:play-services-ads-lite:20.2.0] AndroidManifest.xml:49:13-65
224            android:configChanges="keyboard|keyboardHidden|orientation|screenLayout|uiMode|screenSize|smallestScreenSize"
224-->[com.google.android.gms:play-services-ads-lite:20.2.0] AndroidManifest.xml:50:13-122
225            android:exported="false"
225-->[com.google.android.gms:play-services-ads-lite:20.2.0] AndroidManifest.xml:51:13-37
226            android:theme="@android:style/Theme.Translucent" />
226-->[com.google.android.gms:play-services-ads-lite:20.2.0] AndroidManifest.xml:52:13-61
227
228        <provider
228-->[com.google.android.gms:play-services-ads-lite:20.2.0] AndroidManifest.xml:54:9-58:39
229            android:name="com.google.android.gms.ads.MobileAdsInitProvider"
229-->[com.google.android.gms:play-services-ads-lite:20.2.0] AndroidManifest.xml:55:13-76
230            android:authorities="com.v.grootchat.mobileadsinitprovider"
230-->[com.google.android.gms:play-services-ads-lite:20.2.0] AndroidManifest.xml:56:13-73
231            android:exported="false"
231-->[com.google.android.gms:play-services-ads-lite:20.2.0] AndroidManifest.xml:57:13-37
232            android:initOrder="100" />
232-->[com.google.android.gms:play-services-ads-lite:20.2.0] AndroidManifest.xml:58:13-36
233
234        <service
234-->[com.google.android.gms:play-services-ads-lite:20.2.0] AndroidManifest.xml:60:9-63:40
235            android:name="com.google.android.gms.ads.AdService"
235-->[com.google.android.gms:play-services-ads-lite:20.2.0] AndroidManifest.xml:61:13-64
236            android:enabled="true"
236-->[com.google.android.gms:play-services-ads-lite:20.2.0] AndroidManifest.xml:62:13-35
237            android:exported="false" />
237-->[com.google.android.gms:play-services-ads-lite:20.2.0] AndroidManifest.xml:63:13-37
238
239        <receiver
239-->[com.google.android.gms:play-services-measurement:19.0.0] AndroidManifest.xml:29:9-33:20
240            android:name="com.google.android.gms.measurement.AppMeasurementReceiver"
240-->[com.google.android.gms:play-services-measurement:19.0.0] AndroidManifest.xml:30:13-85
241            android:enabled="true"
241-->[com.google.android.gms:play-services-measurement:19.0.0] AndroidManifest.xml:31:13-35
242            android:exported="false" >
242-->[com.google.android.gms:play-services-measurement:19.0.0] AndroidManifest.xml:32:13-37
243        </receiver>
244
245        <service
245-->[com.google.android.gms:play-services-measurement:19.0.0] AndroidManifest.xml:35:9-38:40
246            android:name="com.google.android.gms.measurement.AppMeasurementService"
246-->[com.google.android.gms:play-services-measurement:19.0.0] AndroidManifest.xml:36:13-84
247            android:enabled="true"
247-->[com.google.android.gms:play-services-measurement:19.0.0] AndroidManifest.xml:37:13-35
248            android:exported="false" />
248-->[com.google.android.gms:play-services-measurement:19.0.0] AndroidManifest.xml:38:13-37
249        <service
249-->[com.google.android.gms:play-services-measurement:19.0.0] AndroidManifest.xml:39:9-43:72
250            android:name="com.google.android.gms.measurement.AppMeasurementJobService"
250-->[com.google.android.gms:play-services-measurement:19.0.0] AndroidManifest.xml:40:13-87
251            android:enabled="true"
251-->[com.google.android.gms:play-services-measurement:19.0.0] AndroidManifest.xml:41:13-35
252            android:exported="false"
252-->[com.google.android.gms:play-services-measurement:19.0.0] AndroidManifest.xml:42:13-37
253            android:permission="android.permission.BIND_JOB_SERVICE" />
253-->[com.google.android.gms:play-services-measurement:19.0.0] AndroidManifest.xml:43:13-69
254
255        <meta-data
255-->[com.google.android.gms:play-services-basement:17.6.0] AndroidManifest.xml:23:9-25:69
256            android:name="com.google.android.gms.version"
256-->[com.google.android.gms:play-services-basement:17.6.0] AndroidManifest.xml:24:13-58
257            android:value="@integer/google_play_services_version" />
257-->[com.google.android.gms:play-services-basement:17.6.0] AndroidManifest.xml:25:13-66
258
259        <provider
259-->[androidx.work:work-runtime:2.1.0] AndroidManifest.xml:30:9-36:35
260            android:name="androidx.work.impl.WorkManagerInitializer"
260-->[androidx.work:work-runtime:2.1.0] AndroidManifest.xml:31:13-69
261            android:authorities="com.v.grootchat.workmanager-init"
261-->[androidx.work:work-runtime:2.1.0] AndroidManifest.xml:32:13-68
262            android:directBootAware="false"
262-->[androidx.work:work-runtime:2.1.0] AndroidManifest.xml:33:13-44
263            android:exported="false"
263-->[androidx.work:work-runtime:2.1.0] AndroidManifest.xml:34:13-37
264            android:multiprocess="true" />
264-->[androidx.work:work-runtime:2.1.0] AndroidManifest.xml:35:13-40
265
266        <service
266-->[androidx.work:work-runtime:2.1.0] AndroidManifest.xml:38:9-43:35
267            android:name="androidx.work.impl.background.systemalarm.SystemAlarmService"
267-->[androidx.work:work-runtime:2.1.0] AndroidManifest.xml:39:13-88
268            android:directBootAware="false"
268-->[androidx.work:work-runtime:2.1.0] AndroidManifest.xml:40:13-44
269            android:enabled="@bool/enable_system_alarm_service_default"
269-->[androidx.work:work-runtime:2.1.0] AndroidManifest.xml:41:13-72